-------------------|-----------|-----------|-----------|-----------|
File               |   % Stmts |% Branches |   % Funcs |   % Lines |
-------------------|-----------|-----------|-----------|-----------|
   lib/            |       100 |       100 |       100 |       100 |
      generator.js |       100 |       100 |       100 |       100 |
-------------------|-----------|-----------|-----------|-----------|
All files          |       100 |       100 |       100 |       100 |
-------------------|-----------|-----------|-----------|-----------|
