TN:
SF:/Users/cliffano/dev/workspace/generator-bob/lib/generator.js
FN:13,Generator
FN:22,(anonymous_2)
FN:62,(anonymous_3)
FN:78,(anonymous_4)
FNF:4
FNH:4
FNDA:3,Generator
FNDA:1,(anonymous_2)
FNDA:1,(anonymous_3)
FNDA:2,(anonymous_4)
DA:1,3
DA:2,3
DA:3,3
DA:4,3
DA:13,1
DA:14,3
DA:17,3
DA:22,3
DA:23,1
DA:24,1
DA:62,1
DA:64,1
DA:65,1
DA:68,1
DA:70,1
DA:78,3
DA:80,2
DA:81,2
DA:82,2
DA:84,2
DA:85,2
DA:86,2
DA:87,2
DA:88,2
DA:89,2
DA:90,2
DA:91,2
DA:92,2
DA:93,2
DA:95,2
DA:96,1
DA:97,1
DA:98,1
DA:99,1
DA:100,1
DA:105,3
LF:36
LH:36
BRDA:95,1,0,1
BRDA:95,1,1,1
BRF:2
BRH:2
end_of_record
